<?xml version="1.0" encoding="UTF-8"?>
<!-- Generated by org.testng.reporters.JUnitXMLReporter -->
<testsuite hostname="sushants-Air.attlocal.net" name="Sanity test" tests="4" failures="0" timestamp="2 Feb 2020 05:28:33 GMT" time="5.278" errors="0">
  <testcase name="swaggerTest" time="2.051" classname="com.qa.furniture.test.FurnitureGetTest"/>
  <testcase name="postProduct" time="1.127" classname="com.qa.furniture.test.FurniturePostTest"/>
  <testcase name="putTest" time="0.175" classname="com.qa.furniture.test.FurniturePut"/>
  <testcase name="deleteTest" time="0.157" classname="com.qa.furniture.test.FurnitureDelete"/>
</testsuite> <!-- Sanity test -->
